[2010-09-20]
1. Создал модуль users: (modules/user/...)
	Там следующие классы: User, UserException, UserRegister, UserSignInOut
	+ файл checker.php с функциями проверки почты и даты


[2010-09-21]
1. Нарастил классы. Сделал удалялку юзера.
2. Сделать активированным/неактивированным

[2010-09-22]
1. Создал модуль friends: (modules/friends/...)


[2010-09-23]
1. Добавление друзей
2. Удаление друзей
3. Случайные друзья
4. Получить список друзей полностью/постранично

[2010-09-25]
1. Создание групп
2. Удаление групп
3. Переименование групп

[2010-09-26]
1. Добавил собственные исключения при работе с группами
2. Редактирование группы, добавление/удаление друзей из группы
3. Статус На сайте/не на сайте

[2010-09-28]
1. Права досутпа к странице.
2. Атрибуты
3. Проверка прав доступа
4. Изменение прав доступа

[2010-09-29]
1. Добавил комментарии
2. Триггеры для удаления гуппы (чтоб удалялись соответствующие ей пользователи). Для целостности БД.

[2010-09-30]
1. Комментарии в формате phpDoc
2. Исправил уязвивости (можно было назихерить через URL строку)
<<<<<<< .mine
[2010-10-01]
1. Полностью переписал модуль авторизации и отображения информации пользователя.
2. Произошли изменения в таблице SITE_USERS

[2010-10-02]
1. Решили проблемы коллизии с Тимуром. Теперь у обоих всё запускается
2. Теперь есть возможность помнить пользователя на сайте. Реализовано это с помощбю COOKIES=======
[2010-10-02]
1. Время запоминания пользователя онлайн - 15 минут.
2. При выходе время обнуляется.

[2010-10-02]
1. Переписал возможность входа на сайт. теперь сайт может помнить пользователя, беря инфу из COOKIES.
2. Переделал соответствующие таблицы

[2010-10-04]
1. Реализована возможность добавления, удаления. редактирования дополнительной информации
2. Добавлена таблица бд: SITE_USERS_ADDITIONAL_INFO>>>>>>> .theirs