19.09.10 
galary/init.php
продолжается работа над представлением списка галерей пользователя.
Добавлена функция function makeGalaryList($array)  - выдает таблицу со списками галерей пользователя.
Добавлена функция function makeNumerator($listCount,$listCurrent) - делает строчку нумератора. В разработке (логика может быть местами с ошибками).

20.09.10
galary/init.php
Мелкие исправления в алгоритме нумератора (см. блок схему numerator_190910.png)
доработка нумератора
для удобства (а как иначе-то) добавлена функция function cycleLink($begin, $end, $listCurrent, $link)
функция function makeNumerator($listCount,$listCurrent) доделана!
работа над представлением списка галерей окончена.

21.09.10
galary/galary.php
исправление ошибок с базами
удаление (закомментированы) ненужные функции
настройка SVN

22.09.10
парка с базами
начало работы над новым классом нумератора (необходимо его в отдельный класс вынести все-таки)
работа над его алгоритмом

23.09.10
galary/init.php
мелкие изменения, добавлена процедура получения юзера
осознание отсутствия необходимости создания некоторых функций нумератора
начало работы над представлением списка файлов в отдельно взятой галерее - makeGalaryFiles()

24.09.10
разработка основ алгоритма модуля загрузчика (модуля работы с файловой системой) и модуля комментариев

25.09.10
galary/init.php
добавлена функция function makeElement($array, $url) - представление отдельного элемента
исправлены мелкие недочеты предыдущих функций
galary/Galary.php
исправлена недоработка функции public function showPhoto($user, $visitor, $altname, $id) - в алгоритме добавления предыдущего и следующего элемента.
добавление функции добавления нового альбома. О_о
commentor/Commentor.php
подключение данного модуля

26.09.10
galary/init.php
добавлена функция function makeAddForm($link)
доработка кейсов
galary/Galary.php
добавлена функция public function addNewGalary($user, $newGalaryName, $comment)  - добавляет новую галерею

27.09.10
numerator/init.php
в функции makeNumerator добавлен параметр $getParamName - для нормального создания строки ссылки.
galary/init.php
добавление туда работы с комментами
добавлена возможность добавления комментария


28.09.10
galary/init.php
commentor/init.php
комментарии отлично оставляются и читаются. ведется работа над возможностью их удаления.
public function getUserIdFromComment($id) , public function deleteComment($id)  -- добавлены.
комментарии отлично удаляются. комментарий может удалить его создатель и собственник галереи.
идет работа над функцией showComments4OneGalary. жопа какая-то.
жопа решена. комментарии показываются.


29.09.10 - 17.10.10
Сделан файловый менеджер. Не до конца. Доделать права доступа, уменьшение картинок.
редактор порядка и комментов и обложек фото:
загрузку комментариев в поля, их сохранение, кнопку "поставить на обложку", перемещение в другой альбом.
